INFO 2025-07-07 01:03:03,944 autoreload 23296 6808 Watching for file changes with StatReloader
INFO 2025-07-07 01:03:16,976 views 23296 3236 Received GPS data: 50 bytes
INFO 2025-07-07 01:03:17,084 basehttp 23296 3236 "POST /api/gps/ HTTP/1.1" 200 101
INFO 2025-07-07 01:03:19,149 views 23296 3236 Received GPS data: 50 bytes
INFO 2025-07-07 01:03:19,278 basehttp 23296 3236 "POST /api/gps/ HTTP/1.1" 200 102
INFO 2025-07-07 01:03:23,860 views 23296 3236 Received GPS data: 50 bytes
INFO 2025-07-07 01:03:23,973 basehttp 23296 3236 "POST /api/gps/ HTTP/1.1" 200 102
INFO 2025-07-07 01:03:24,468 views 23296 3236 Received GPS data: 50 bytes
INFO 2025-07-07 01:03:24,607 basehttp 23296 3236 "POST /api/gps/ HTTP/1.1" 200 101
INFO 2025-07-07 01:03:25,072 views 23296 3236 Received GPS data: 50 bytes
INFO 2025-07-07 01:03:25,213 basehttp 23296 3236 "POST /api/gps/ HTTP/1.1" 200 101
INFO 2025-07-07 01:03:25,673 views 23296 3236 Received GPS data: 50 bytes
INFO 2025-07-07 01:03:25,808 basehttp 23296 3236 "POST /api/gps/ HTTP/1.1" 200 102
INFO 2025-07-07 01:03:30,863 views 23296 3236 Received GPS data: 10 bytes
INFO 2025-07-07 01:03:30,922 basehttp 23296 3236 "POST /api/gps/ HTTP/1.1" 200 102
INFO 2025-07-07 01:06:12,292 autoreload 28612 26704 Watching for file changes with StatReloader
WARNING 2025-07-07 01:06:13,782 log 28612 21332 Not Found: /
WARNING 2025-07-07 01:06:13,782 basehttp 28612 21332 "GET / HTTP/1.1" 404 2311
INFO 2025-07-07 01:06:16,764 basehttp 28612 21332 "GET /admin/ HTTP/1.1" 200 12271
WARNING 2025-07-07 01:06:19,983 log 28612 21332 Not Found: /api/
WARNING 2025-07-07 01:06:19,984 basehttp 28612 21332 "GET /api/ HTTP/1.1" 404 4945
